Build started 6/28/2015 10:00:30 PM.
     1>Project "c:\Users\malutj\Documents\GitHub\PolarFrog\VideoGame\Game\GameStarter\GameStarter.vcxproj" on node 2 (Build target(s)).
     1>ClCompile:
         C:\Program Files (x86)\Microsoft Visual Studio 11.0\VC\bin\CL.exe /c /I../Include /ZI /nologo /W3 /WX- /sdl /Od /Oy- /D WIN32 /D _DEBUG /D _CONSOLE /D _LIB /D _UNICODE /D UNICODE /Gm /EHsc /RTC1 /MDd /GS /fp:precise /Zc:wchar_t /Zc:forScope /Fo"Debug\\" /Fd"Debug\vc110.pdb" /Gd /TP /analyze- /errorReport:prompt GameStarter.cpp
         GameStarter.cpp
       Link:
         C:\Program Files (x86)\Microsoft Visual Studio 11.0\VC\bin\link.exe /ERRORREPORT:PROMPT /OUT:"C:\Users\malutj\Documents\GitHub\PolarFrog\VideoGame\Game\Debug\GameStarter.exe" /INCREMENTAL /NOLOGO kernel32.lib user32.lib gdi32.lib winspool.lib comdlg32.lib advapi32.lib shell32.lib ole32.lib oleaut32.lib uuid.lib odbc32.lib odbccp32.lib /MANIFEST /MANIFESTUAC:"level='asInvoker' uiAccess='false'" /manifest:embed /DEBUG /PDB:"C:\Users\malutj\Documents\GitHub\PolarFrog\VideoGame\Game\Debug\GameStarter.pdb" /SUBSYSTEM:CONSOLE /TLBID:1 /DYNAMICBASE /NXCOMPAT /IMPLIB:"C:\Users\malutj\Documents\GitHub\PolarFrog\VideoGame\Game\Debug\GameStarter.lib" /MACHINE:X86 Debug\Ammunition.obj
         Debug\Character.obj
         Debug\Communicator.obj
         Debug\Consumable.obj
         Debug\Effects.obj
         Debug\GameStarter.obj
         Debug\Inventory.obj
         Debug\Item.obj
         Debug\main.obj
         Debug\Weapon.obj
         GameStarter.vcxproj -> C:\Users\malutj\Documents\GitHub\PolarFrog\VideoGame\Game\Debug\GameStarter.exe
     1>Done Building Project "c:\Users\malutj\Documents\GitHub\PolarFrog\VideoGame\Game\GameStarter\GameStarter.vcxproj" (Build target(s)).

Build succeeded.

Time Elapsed 00:00:01.43
